app/build/intermediates/manifest_merge_blame_file/debug/manifest-merger-blame-debug-report.txt
1<?xml version="1.0" encoding="utf-8"?>
2<manifest xmlns:android="http://schemas.android.com/apk/res/android"
3    package="com.app.touch_of_jasmine"
4    android:versionCode="1"
5    android:versionName="1.0" >
6
7    <uses-sdk
8        android:minSdkVersion="24"
8-->src\main\AndroidManifest.xml
9        android:targetSdkVersion="33" />
9-->src\main\AndroidManifest.xml
10
11    <uses-feature
11-->src\main\AndroidManifest.xml:5:5-7:36
12        android:name="android.hardware.camera"
12-->src\main\AndroidManifest.xml:6:9-47
13        android:required="false" />
13-->src\main\AndroidManifest.xml:7:9-33
14
15    <uses-permission android:name="android.permission.ACCESS_COARSE_LOCATION" />
15-->src\main\AndroidManifest.xml:9:5-81
15-->src\main\AndroidManifest.xml:9:22-78
16    <uses-permission android:name="android.permission.INTERNET" />
16-->src\main\AndroidManifest.xml:10:5-67
16-->src\main\AndroidManifest.xml:10:22-64
17    <uses-permission android:name="android.permission.ACCESS_NETWORK_STATE" />
17-->src\main\AndroidManifest.xml:11:5-79
17-->src\main\AndroidManifest.xml:11:22-76
18    <uses-permission android:name="android.permission.ACCESS_WIFI_STATE" />
18-->src\main\AndroidManifest.xml:12:5-76
18-->src\main\AndroidManifest.xml:12:22-73
19    <uses-permission
19-->src\main\AndroidManifest.xml:13:5-15:38
20        android:name="android.permission.READ_EXTERNAL_STORAGE"
20-->src\main\AndroidManifest.xml:14:9-64
21        android:maxSdkVersion="32" />
21-->src\main\AndroidManifest.xml:15:9-35
22    <uses-permission android:name="android.permission.CAMERA" />
22-->src\main\AndroidManifest.xml:16:5-65
22-->src\main\AndroidManifest.xml:16:22-62
23    <uses-permission android:name="android.permission.READ_MEDIA_IMAGES" />
23-->src\main\AndroidManifest.xml:17:5-76
23-->src\main\AndroidManifest.xml:17:22-73
24    <uses-permission android:name="android.permission.READ_MEDIA_VIDEO" />
24-->src\main\AndroidManifest.xml:18:5-75
24-->src\main\AndroidManifest.xml:18:22-72
25    <uses-permission android:name="android.permission.POST_NOTIFICATIONS" />
25-->src\main\AndroidManifest.xml:19:5-77
25-->src\main\AndroidManifest.xml:19:22-74
26    <uses-permission android:name="android.permission.WRITE_EXTERNAL_STORAGE" />
26-->src\main\AndroidManifest.xml:20:5-22:40
26-->src\main\AndroidManifest.xml:21:9-65
27
28    <queries>
28-->[com.facebook.android:facebook-common:16.0.0] AndroidManifest.xml:17:5-19:15
29        <package android:name="com.facebook.katana" />
29-->[com.facebook.android:facebook-common:16.0.0] AndroidManifest.xml:18:9-55
29-->[com.facebook.android:facebook-common:16.0.0] AndroidManifest.xml:18:18-52
30
31        <intent>
31-->[com.pushwoosh:pushwoosh:6.6.16] AndroidManifest.xml:26:9-32:18
32            <action android:name="android.intent.action.VIEW" />
32-->src\main\AndroidManifest.xml:67:17-69
32-->src\main\AndroidManifest.xml:67:25-66
33
34            <category android:name="android.intent.category.BROWSABLE" />
34-->src\main\AndroidManifest.xml:70:17-78
34-->src\main\AndroidManifest.xml:70:27-75
35
36            <data android:scheme="https" />
36-->src\main\AndroidManifest.xml:72:17-74:54
36-->src\main\AndroidManifest.xml:73:21-71
37        </intent>
38        <intent>
38-->[com.pushwoosh:pushwoosh:6.6.16] AndroidManifest.xml:33:9-39:18
39            <action android:name="android.intent.action.VIEW" />
39-->src\main\AndroidManifest.xml:67:17-69
39-->src\main\AndroidManifest.xml:67:25-66
40
41            <category android:name="android.intent.category.BROWSABLE" />
41-->src\main\AndroidManifest.xml:70:17-78
41-->src\main\AndroidManifest.xml:70:27-75
42
43            <data android:scheme="http" />
43-->src\main\AndroidManifest.xml:72:17-74:54
43-->src\main\AndroidManifest.xml:73:21-71
44        </intent>
45    </queries>
46
47    <uses-permission android:name="com.google.android.gms.permission.AD_ID" />
47-->[com.facebook.android:facebook-core:16.0.0] AndroidManifest.xml:16:5-79
47-->[com.facebook.android:facebook-core:16.0.0] AndroidManifest.xml:16:22-76
48    <uses-permission android:name="android.permission.WAKE_LOCK" /> <!-- Required by older versions of Google Play services to create IID tokens -->
48-->[com.google.firebase:firebase-messaging:23.3.1] AndroidManifest.xml:24:5-68
48-->[com.google.firebase:firebase-messaging:23.3.1] AndroidManifest.xml:24:22-65
49    <uses-permission android:name="com.google.android.c2dm.permission.RECEIVE" />
49-->[com.google.firebase:firebase-messaging:23.3.1] AndroidManifest.xml:26:5-82
49-->[com.google.firebase:firebase-messaging:23.3.1] AndroidManifest.xml:26:22-79
50    <uses-permission android:name="com.google.android.finsky.permission.BIND_GET_INSTALL_REFERRER_SERVICE" /> <!-- Vibration in push notification -->
50-->[com.google.android.gms:play-services-measurement:21.1.1] AndroidManifest.xml:26:5-110
50-->[com.google.android.gms:play-services-measurement:21.1.1] AndroidManifest.xml:26:22-107
51    <uses-permission android:name="android.permission.VIBRATE" />
51-->[com.pushwoosh:pushwoosh:6.6.16] AndroidManifest.xml:22:5-66
51-->[com.pushwoosh:pushwoosh:6.6.16] AndroidManifest.xml:22:22-63
52    <uses-permission android:name="android.permission.RECEIVE_BOOT_COMPLETED" />
52-->[com.pushwoosh:pushwoosh:6.6.16] AndroidManifest.xml:23:5-81
52-->[com.pushwoosh:pushwoosh:6.6.16] AndroidManifest.xml:23:22-78
53    <uses-permission android:name="android.permission.FOREGROUND_SERVICE" />
53-->[androidx.work:work-runtime:2.7.1] AndroidManifest.xml:28:5-77
53-->[androidx.work:work-runtime:2.7.1] AndroidManifest.xml:28:22-74
54
55    <permission
55-->[androidx.core:core:1.12.0] AndroidManifest.xml:22:5-24:47
56        android:name="com.app.touch_of_jasmine.DYNAMIC_RECEIVER_NOT_EXPORTED_PERMISSION"
56-->[androidx.core:core:1.12.0] AndroidManifest.xml:23:9-81
57        android:protectionLevel="signature" />
57-->[androidx.core:core:1.12.0] AndroidManifest.xml:24:9-44
58
59    <uses-permission android:name="com.app.touch_of_jasmine.DYNAMIC_RECEIVER_NOT_EXPORTED_PERMISSION" />
59-->[androidx.core:core:1.12.0] AndroidManifest.xml:26:5-97
59-->[androidx.core:core:1.12.0] AndroidManifest.xml:26:22-94
60
61    <application
61-->src\main\AndroidManifest.xml:24:5-102:19
62        android:name="com.app.touch_of_jasmine.helper.AppController"
62-->src\main\AndroidManifest.xml:25:9-45
63        android:allowBackup="true"
63-->src\main\AndroidManifest.xml:26:9-35
64        android:appComponentFactory="androidx.core.app.CoreComponentFactory"
64-->[androidx.core:core:1.12.0] AndroidManifest.xml:28:18-86
65        android:dataExtractionRules="@xml/data_extraction_rules"
65-->src\main\AndroidManifest.xml:27:9-65
66        android:debuggable="true"
67        android:extractNativeLibs="false"
68        android:fullBackupContent="@xml/backup_rules"
68-->src\main\AndroidManifest.xml:28:9-54
69        android:icon="@mipmap/ic_launcher"
69-->src\main\AndroidManifest.xml:29:9-43
70        android:label="@string/app_name"
70-->src\main\AndroidManifest.xml:30:9-41
71        android:requestLegacyExternalStorage="true"
71-->src\main\AndroidManifest.xml:31:9-52
72        android:supportsRtl="true"
72-->src\main\AndroidManifest.xml:32:9-35
73        android:testOnly="true"
74        android:theme="@style/AppTheme.basic_android_setup"
74-->src\main\AndroidManifest.xml:33:9-60
75        android:usesCleartextTraffic="true" >
75-->src\main\AndroidManifest.xml:34:9-44
76        <activity
76-->src\main\AndroidManifest.xml:36:9-40:40
77            android:name="com.app.touch_of_jasmine.mvvm.intro.view.IntroActivity"
77-->src\main\AndroidManifest.xml:37:13-58
78            android:exported="false"
78-->src\main\AndroidManifest.xml:40:13-37
79            android:fitsSystemWindows="true"
79-->src\main\AndroidManifest.xml:39:13-45
80            android:theme="@style/AppTheme.IntroTheme" />
80-->src\main\AndroidManifest.xml:38:13-55
81        <!-- GOOGLE START -->
82        <meta-data
82-->src\main\AndroidManifest.xml:42:9-44:54
83            android:name="com.google.android.geo.API_KEY"
83-->src\main\AndroidManifest.xml:43:13-58
84            android:value="@string/google_map_key" /> <!-- GOOGLE END -->
84-->src\main\AndroidManifest.xml:44:13-51
85        <!-- PUSHWOOSH START -->
86        <meta-data
86-->src\main\AndroidManifest.xml:46:9-48:54
87            android:name="com.google.firebase.messaging.default_notification_icon"
87-->src\main\AndroidManifest.xml:47:13-83
88            android:resource="@mipmap/ic_launcher" />
88-->src\main\AndroidManifest.xml:48:13-51
89        <meta-data
89-->src\main\AndroidManifest.xml:49:9-51:61
90            android:name="com.pushwoosh.appid"
90-->src\main\AndroidManifest.xml:50:13-47
91            android:value="@string/pushwoosh_app_id_live" />
91-->src\main\AndroidManifest.xml:51:13-58
92        <meta-data
92-->src\main\AndroidManifest.xml:52:9-54:59
93            android:name="com.pushwoosh.senderid"
93-->src\main\AndroidManifest.xml:53:13-50
94            android:value="@string/pushwoosh_sender_id" />
94-->src\main\AndroidManifest.xml:54:13-56
95        <meta-data
95-->src\main\AndroidManifest.xml:55:9-57:92
96            android:name="com.pushwoosh.notification_service_extension"
96-->src\main\AndroidManifest.xml:56:13-72
97            android:value="com.app.touch_of_jasmine.helper.PushwooshNotificationService" />
97-->src\main\AndroidManifest.xml:57:13-89
98        <meta-data
98-->src\main\AndroidManifest.xml:58:9-60:36
99            android:name="com.pushwoosh.log_level"
99-->src\main\AndroidManifest.xml:59:13-51
100            android:value="NONE" />
100-->src\main\AndroidManifest.xml:60:13-33
101
102        <activity
102-->src\main\AndroidManifest.xml:62:9-76:20
103            android:name="com.pushwoosh.DeepLinkActivity"
103-->src\main\AndroidManifest.xml:63:13-58
104            android:exported="true"
104-->src\main\AndroidManifest.xml:64:13-36
105            android:theme="@android:style/Theme.Translucent.NoTitleBar" >
105-->src\main\AndroidManifest.xml:65:13-72
106            <intent-filter>
106-->src\main\AndroidManifest.xml:66:13-75:29
107                <action android:name="android.intent.action.VIEW" />
107-->src\main\AndroidManifest.xml:67:17-69
107-->src\main\AndroidManifest.xml:67:25-66
108
109                <category android:name="android.intent.category.DEFAULT" />
109-->src\main\AndroidManifest.xml:69:17-76
109-->src\main\AndroidManifest.xml:69:27-73
110                <category android:name="android.intent.category.BROWSABLE" />
110-->src\main\AndroidManifest.xml:70:17-78
110-->src\main\AndroidManifest.xml:70:27-75
111
112                <data android:scheme="@string/pushwoosh_partner_id_live" />
112-->src\main\AndroidManifest.xml:72:17-74:54
112-->src\main\AndroidManifest.xml:73:21-71
113            </intent-filter>
114        </activity> <!-- PUSHWOOSH END -->
115        <provider
115-->src\main\AndroidManifest.xml:77:9-85:20
116            android:name="androidx.core.content.FileProvider"
116-->src\main\AndroidManifest.xml:78:13-62
117            android:authorities="com.app.touch_of_jasmine"
117-->src\main\AndroidManifest.xml:79:13-59
118            android:exported="false"
118-->src\main\AndroidManifest.xml:80:13-37
119            android:grantUriPermissions="true" >
119-->src\main\AndroidManifest.xml:81:13-47
120            <meta-data
120-->src\main\AndroidManifest.xml:82:13-84:61
121                android:name="android.support.FILE_PROVIDER_PATHS"
121-->src\main\AndroidManifest.xml:83:17-67
122                android:resource="@xml/fileproviderpaths" />
122-->src\main\AndroidManifest.xml:84:17-58
123        </provider>
124
125        <activity
125-->src\main\AndroidManifest.xml:87:9-95:20
126            android:name="com.app.touch_of_jasmine.mvvm.splash.view.SplashActivity"
126-->src\main\AndroidManifest.xml:88:13-60
127            android:exported="true" >
127-->src\main\AndroidManifest.xml:89:13-36
128            <intent-filter>
128-->src\main\AndroidManifest.xml:90:13-94:29
129                <action android:name="android.intent.action.MAIN" />
129-->src\main\AndroidManifest.xml:91:17-69
129-->src\main\AndroidManifest.xml:91:25-66
130
131                <category android:name="android.intent.category.LAUNCHER" />
131-->src\main\AndroidManifest.xml:93:17-77
131-->src\main\AndroidManifest.xml:93:27-74
132            </intent-filter>
133        </activity>
134        <activity
134-->src\main\AndroidManifest.xml:96:9-98:39
135            android:name="com.app.touch_of_jasmine.mvvm.login.view.LoginActivity"
135-->src\main\AndroidManifest.xml:97:13-58
136            android:exported="true" />
136-->src\main\AndroidManifest.xml:98:13-36
137        <activity
137-->src\main\AndroidManifest.xml:99:9-101:39
138            android:name="com.app.touch_of_jasmine.mvvm.home.view.HomeActivity"
138-->src\main\AndroidManifest.xml:100:13-56
139            android:exported="true" />
139-->src\main\AndroidManifest.xml:101:13-36
140
141        <provider
141-->[com.github.prolificinteractive:material-calendarview:2.0.1] AndroidManifest.xml:12:9-16:40
142            android:name="com.prolificinteractive.materialcalendarview.MaterialCalendarViewInitProvider"
142-->[com.github.prolificinteractive:material-calendarview:2.0.1] AndroidManifest.xml:13:13-105
143            android:authorities="com.app.touch_of_jasmine.materialcalendarviewinitprovider"
143-->[com.github.prolificinteractive:material-calendarview:2.0.1] AndroidManifest.xml:14:13-84
144            android:enabled="true"
144-->[com.github.prolificinteractive:material-calendarview:2.0.1] AndroidManifest.xml:15:13-35
145            android:exported="false" />
145-->[com.github.prolificinteractive:material-calendarview:2.0.1] AndroidManifest.xml:16:13-37
146
147        <activity
147-->[com.facebook.android:facebook-common:16.0.0] AndroidManifest.xml:22:9-25:66
148            android:name="com.facebook.FacebookActivity"
148-->[com.facebook.android:facebook-common:16.0.0] AndroidManifest.xml:23:13-57
149            android:configChanges="keyboard|keyboardHidden|screenLayout|screenSize|orientation"
149-->[com.facebook.android:facebook-common:16.0.0] AndroidManifest.xml:24:13-96
150            android:theme="@style/com_facebook_activity_theme" />
150-->[com.facebook.android:facebook-common:16.0.0] AndroidManifest.xml:25:13-63
151        <activity android:name="com.facebook.CustomTabMainActivity" />
151-->[com.facebook.android:facebook-common:16.0.0] AndroidManifest.xml:26:9-71
151-->[com.facebook.android:facebook-common:16.0.0] AndroidManifest.xml:26:19-68
152        <activity
152-->[com.facebook.android:facebook-common:16.0.0] AndroidManifest.xml:27:9-41:20
153            android:name="com.facebook.CustomTabActivity"
153-->[com.facebook.android:facebook-common:16.0.0] AndroidManifest.xml:28:13-58
154            android:exported="true" >
154-->[com.facebook.android:facebook-common:16.0.0] AndroidManifest.xml:29:13-36
155            <intent-filter>
155-->[com.facebook.android:facebook-common:16.0.0] AndroidManifest.xml:31:13-40:29
156                <action android:name="android.intent.action.VIEW" />
156-->src\main\AndroidManifest.xml:67:17-69
156-->src\main\AndroidManifest.xml:67:25-66
157
158                <category android:name="android.intent.category.DEFAULT" />
158-->src\main\AndroidManifest.xml:69:17-76
158-->src\main\AndroidManifest.xml:69:27-73
159                <category android:name="android.intent.category.BROWSABLE" />
159-->src\main\AndroidManifest.xml:70:17-78
159-->src\main\AndroidManifest.xml:70:27-75
160
161                <data
161-->src\main\AndroidManifest.xml:72:17-74:54
162                    android:host="cct.com.app.touch_of_jasmine"
163                    android:scheme="fbconnect" />
163-->src\main\AndroidManifest.xml:73:21-71
164            </intent-filter>
165        </activity>
166
167        <provider
167-->[androidx.emoji2:emoji2:1.2.0] AndroidManifest.xml:24:9-32:20
168            android:name="androidx.startup.InitializationProvider"
168-->[androidx.emoji2:emoji2:1.2.0] AndroidManifest.xml:25:13-67
169            android:authorities="com.app.touch_of_jasmine.androidx-startup"
169-->[androidx.emoji2:emoji2:1.2.0] AndroidManifest.xml:26:13-68
170            android:exported="false" >
170-->[androidx.emoji2:emoji2:1.2.0] AndroidManifest.xml:27:13-37
171            <meta-data
171-->[androidx.emoji2:emoji2:1.2.0] AndroidManifest.xml:29:13-31:52
172                android:name="androidx.emoji2.text.EmojiCompatInitializer"
172-->[androidx.emoji2:emoji2:1.2.0] AndroidManifest.xml:30:17-75
173                android:value="androidx.startup" />
173-->[androidx.emoji2:emoji2:1.2.0] AndroidManifest.xml:31:17-49
174            <meta-data
174-->[androidx.work:work-runtime:2.7.1] AndroidManifest.xml:36:13-38:52
175                android:name="androidx.work.WorkManagerInitializer"
175-->[androidx.work:work-runtime:2.7.1] AndroidManifest.xml:37:17-68
176                android:value="androidx.startup" />
176-->[androidx.work:work-runtime:2.7.1] AndroidManifest.xml:38:17-49
177            <meta-data
177-->[androidx.lifecycle:lifecycle-process:2.6.2] AndroidManifest.xml:29:13-31:52
178                android:name="androidx.lifecycle.ProcessLifecycleInitializer"
178-->[androidx.lifecycle:lifecycle-process:2.6.2] AndroidManifest.xml:30:17-78
179                android:value="androidx.startup" />
179-->[androidx.lifecycle:lifecycle-process:2.6.2] AndroidManifest.xml:31:17-49
180            <meta-data
180-->[androidx.profileinstaller:profileinstaller:1.3.1] AndroidManifest.xml:29:13-31:52
181                android:name="androidx.profileinstaller.ProfileInstallerInitializer"
181-->[androidx.profileinstaller:profileinstaller:1.3.1] AndroidManifest.xml:30:17-85
182                android:value="androidx.startup" />
182-->[androidx.profileinstaller:profileinstaller:1.3.1] AndroidManifest.xml:31:17-49
183        </provider>
184        <!--
185         The initialization ContentProvider will call FacebookSdk.sdkInitialize automatically
186         with the application context. This config is merged in with the host app's manifest,
187         but there can only be one provider with the same authority activated at any given
188         point; so if the end user has two or more different apps that use Facebook SDK, only the
189         first one will be able to use the provider. To work around this problem, we use the
190         following placeholder in the authority to identify each host application as if it was
191         a completely different provider.
192        -->
193        <provider
193-->[com.facebook.android:facebook-core:16.0.0] AndroidManifest.xml:29:9-32:40
194            android:name="com.facebook.internal.FacebookInitProvider"
194-->[com.facebook.android:facebook-core:16.0.0] AndroidManifest.xml:30:13-70
195            android:authorities="com.app.touch_of_jasmine.FacebookInitProvider"
195-->[com.facebook.android:facebook-core:16.0.0] AndroidManifest.xml:31:13-72
196            android:exported="false" />
196-->[com.facebook.android:facebook-core:16.0.0] AndroidManifest.xml:32:13-37
197
198        <receiver
198-->[com.facebook.android:facebook-core:16.0.0] AndroidManifest.xml:34:9-40:20
199            android:name="com.facebook.CurrentAccessTokenExpirationBroadcastReceiver"
199-->[com.facebook.android:facebook-core:16.0.0] AndroidManifest.xml:35:13-86
200            android:exported="false" >
200-->[com.facebook.android:facebook-core:16.0.0] AndroidManifest.xml:36:13-37
201            <intent-filter>
201-->[com.facebook.android:facebook-core:16.0.0] AndroidManifest.xml:37:13-39:29
202                <action android:name="com.facebook.sdk.ACTION_CURRENT_ACCESS_TOKEN_CHANGED" />
202-->[com.facebook.android:facebook-core:16.0.0] AndroidManifest.xml:38:17-95
202-->[com.facebook.android:facebook-core:16.0.0] AndroidManifest.xml:38:25-92
203            </intent-filter>
204        </receiver>
205        <receiver
205-->[com.facebook.android:facebook-core:16.0.0] AndroidManifest.xml:41:9-47:20
206            android:name="com.facebook.AuthenticationTokenManager$CurrentAuthenticationTokenChangedBroadcastReceiver"
206-->[com.facebook.android:facebook-core:16.0.0] AndroidManifest.xml:42:13-118
207            android:exported="false" >
207-->[com.facebook.android:facebook-core:16.0.0] AndroidManifest.xml:43:13-37
208            <intent-filter>
208-->[com.facebook.android:facebook-core:16.0.0] AndroidManifest.xml:44:13-46:29
209                <action android:name="com.facebook.sdk.ACTION_CURRENT_AUTHENTICATION_TOKEN_CHANGED" />
209-->[com.facebook.android:facebook-core:16.0.0] AndroidManifest.xml:45:17-103
209-->[com.facebook.android:facebook-core:16.0.0] AndroidManifest.xml:45:25-100
210            </intent-filter>
211        </receiver>
212
213        <activity
213-->[com.google.android.gms:play-services-auth:20.7.0] AndroidManifest.xml:23:9-27:75
214            android:name="com.google.android.gms.auth.api.signin.internal.SignInHubActivity"
214-->[com.google.android.gms:play-services-auth:20.7.0] AndroidManifest.xml:24:13-93
215            android:excludeFromRecents="true"
215-->[com.google.android.gms:play-services-auth:20.7.0] AndroidManifest.xml:25:13-46
216            android:exported="false"
216-->[com.google.android.gms:play-services-auth:20.7.0] AndroidManifest.xml:26:13-37
217            android:theme="@android:style/Theme.Translucent.NoTitleBar" />
217-->[com.google.android.gms:play-services-auth:20.7.0] AndroidManifest.xml:27:13-72
218        <!--
219            Service handling Google Sign-In user revocation. For apps that do not integrate with
220            Google Sign-In, this service will never be started.
221        -->
222        <service
222-->[com.google.android.gms:play-services-auth:20.7.0] AndroidManifest.xml:33:9-37:51
223            android:name="com.google.android.gms.auth.api.signin.RevocationBoundService"
223-->[com.google.android.gms:play-services-auth:20.7.0] AndroidManifest.xml:34:13-89
224            android:exported="true"
224-->[com.google.android.gms:play-services-auth:20.7.0] AndroidManifest.xml:35:13-36
225            android:permission="com.google.android.gms.auth.api.signin.permission.REVOCATION_NOTIFICATION"
225-->[com.google.android.gms:play-services-auth:20.7.0] AndroidManifest.xml:36:13-107
226            android:visibleToInstantApps="true" />
226-->[com.google.android.gms:play-services-auth:20.7.0] AndroidManifest.xml:37:13-48
227
228        <receiver
228-->[com.google.firebase:firebase-messaging:23.3.1] AndroidManifest.xml:29:9-40:20
229            android:name="com.google.firebase.iid.FirebaseInstanceIdReceiver"
229-->[com.google.firebase:firebase-messaging:23.3.1] AndroidManifest.xml:30:13-78
230            android:exported="true"
230-->[com.google.firebase:firebase-messaging:23.3.1] AndroidManifest.xml:31:13-36
231            android:permission="com.google.android.c2dm.permission.SEND" >
231-->[com.google.firebase:firebase-messaging:23.3.1] AndroidManifest.xml:32:13-73
232            <intent-filter>
232-->[com.google.firebase:firebase-messaging:23.3.1] AndroidManifest.xml:33:13-35:29
233                <action android:name="com.google.android.c2dm.intent.RECEIVE" />
233-->[com.google.firebase:firebase-messaging:23.3.1] AndroidManifest.xml:34:17-81
233-->[com.google.firebase:firebase-messaging:23.3.1] AndroidManifest.xml:34:25-78
234            </intent-filter>
235
236            <meta-data
236-->[com.google.firebase:firebase-messaging:23.3.1] AndroidManifest.xml:37:13-39:40
237                android:name="com.google.android.gms.cloudmessaging.FINISHED_AFTER_HANDLED"
237-->[com.google.firebase:firebase-messaging:23.3.1] AndroidManifest.xml:38:17-92
238                android:value="true" />
238-->[com.google.firebase:firebase-messaging:23.3.1] AndroidManifest.xml:39:17-37
239        </receiver>
240        <!--
241             FirebaseMessagingService performs security checks at runtime,
242             but set to not exported to explicitly avoid allowing another app to call it.
243        -->
244        <service
244-->[com.google.firebase:firebase-messaging:23.3.1] AndroidManifest.xml:46:9-53:19
245            android:name="com.google.firebase.messaging.FirebaseMessagingService"
245-->[com.google.firebase:firebase-messaging:23.3.1] AndroidManifest.xml:47:13-82
246            android:directBootAware="true"
246-->[com.google.firebase:firebase-messaging:23.3.1] AndroidManifest.xml:48:13-43
247            android:exported="false" >
247-->[com.google.firebase:firebase-messaging:23.3.1] AndroidManifest.xml:49:13-37
248            <intent-filter android:priority="-500" >
248-->[com.google.firebase:firebase-messaging:23.3.1] AndroidManifest.xml:50:13-52:29
248-->[com.google.firebase:firebase-messaging:23.3.1] AndroidManifest.xml:50:28-51
249                <action android:name="com.google.firebase.MESSAGING_EVENT" />
249-->[com.google.firebase:firebase-messaging:23.3.1] AndroidManifest.xml:51:17-78
249-->[com.google.firebase:firebase-messaging:23.3.1] AndroidManifest.xml:51:25-75
250            </intent-filter>
251        </service>
252        <service
252-->[com.google.firebase:firebase-messaging:23.3.1] AndroidManifest.xml:54:9-63:19
253            android:name="com.google.firebase.components.ComponentDiscoveryService"
253-->[com.google.firebase:firebase-messaging:23.3.1] AndroidManifest.xml:55:13-84
254            android:directBootAware="true"
254-->[com.google.firebase:firebase-common:20.4.2] AndroidManifest.xml:32:13-43
255            android:exported="false" >
255-->[com.google.firebase:firebase-messaging:23.3.1] AndroidManifest.xml:56:13-37
256            <meta-data
256-->[com.google.firebase:firebase-messaging:23.3.1] AndroidManifest.xml:57:13-59:85
257                android:name="com.google.firebase.components:com.google.firebase.messaging.FirebaseMessagingKtxRegistrar"
257-->[com.google.firebase:firebase-messaging:23.3.1] AndroidManifest.xml:58:17-122
258                android:value="com.google.firebase.components.ComponentRegistrar" />
258-->[com.google.firebase:firebase-messaging:23.3.1] AndroidManifest.xml:59:17-82
259            <meta-data
259-->[com.google.firebase:firebase-messaging:23.3.1] AndroidManifest.xml:60:13-62:85
260                android:name="com.google.firebase.components:com.google.firebase.messaging.FirebaseMessagingRegistrar"
260-->[com.google.firebase:firebase-messaging:23.3.1] AndroidManifest.xml:61:17-119
261                android:value="com.google.firebase.components.ComponentRegistrar" />
261-->[com.google.firebase:firebase-messaging:23.3.1] AndroidManifest.xml:62:17-82
262            <meta-data
262-->[com.google.android.gms:play-services-measurement-api:21.1.1] AndroidManifest.xml:31:13-33:85
263                android:name="com.google.firebase.components:com.google.firebase.analytics.connector.internal.AnalyticsConnectorRegistrar"
263-->[com.google.android.gms:play-services-measurement-api:21.1.1] AndroidManifest.xml:32:17-139
264                android:value="com.google.firebase.components.ComponentRegistrar" />
264-->[com.google.android.gms:play-services-measurement-api:21.1.1] AndroidManifest.xml:33:17-82
265            <meta-data
265-->[com.google.firebase:firebase-installations:17.2.0] AndroidManifest.xml:15:13-17:85
266                android:name="com.google.firebase.components:com.google.firebase.installations.FirebaseInstallationsKtxRegistrar"
266-->[com.google.firebase:firebase-installations:17.2.0] AndroidManifest.xml:16:17-130
267                android:value="com.google.firebase.components.ComponentRegistrar" />
267-->[com.google.firebase:firebase-installations:17.2.0] AndroidManifest.xml:17:17-82
268            <meta-data
268-->[com.google.firebase:firebase-installations:17.2.0] AndroidManifest.xml:18:13-20:85
269                android:name="com.google.firebase.components:com.google.firebase.installations.FirebaseInstallationsRegistrar"
269-->[com.google.firebase:firebase-installations:17.2.0] AndroidManifest.xml:19:17-127
270                android:value="com.google.firebase.components.ComponentRegistrar" />
270-->[com.google.firebase:firebase-installations:17.2.0] AndroidManifest.xml:20:17-82
271            <meta-data
271-->[com.google.firebase:firebase-common-ktx:20.4.2] AndroidManifest.xml:12:13-14:85
272                android:name="com.google.firebase.components:com.google.firebase.ktx.FirebaseCommonLegacyRegistrar"
272-->[com.google.firebase:firebase-common-ktx:20.4.2] AndroidManifest.xml:13:17-116
273                android:value="com.google.firebase.components.ComponentRegistrar" />
273-->[com.google.firebase:firebase-common-ktx:20.4.2] AndroidManifest.xml:14:17-82
274            <meta-data
274-->[com.google.firebase:firebase-common:20.4.2] AndroidManifest.xml:35:13-37:85
275                android:name="com.google.firebase.components:com.google.firebase.FirebaseCommonKtxRegistrar"
275-->[com.google.firebase:firebase-common:20.4.2] AndroidManifest.xml:36:17-109
276                android:value="com.google.firebase.components.ComponentRegistrar" />
276-->[com.google.firebase:firebase-common:20.4.2] AndroidManifest.xml:37:17-82
277            <meta-data
277-->[com.google.firebase:firebase-datatransport:18.1.7] AndroidManifest.xml:27:13-29:85
278                android:name="com.google.firebase.components:com.google.firebase.datatransport.TransportRegistrar"
278-->[com.google.firebase:firebase-datatransport:18.1.7] AndroidManifest.xml:28:17-115
279                android:value="com.google.firebase.components.ComponentRegistrar" />
279-->[com.google.firebase:firebase-datatransport:18.1.7] AndroidManifest.xml:29:17-82
280        </service>
281
282        <receiver
282-->[com.google.android.gms:play-services-measurement:21.1.1] AndroidManifest.xml:29:9-33:20
283            android:name="com.google.android.gms.measurement.AppMeasurementReceiver"
283-->[com.google.android.gms:play-services-measurement:21.1.1] AndroidManifest.xml:30:13-85
284            android:enabled="true"